<?xml version="1.0" encoding="UTF-8"?>
<!-- Generated by org.testng.reporters.JUnitReportReporter -->
<testsuite hostname="C624LBLR" failures="0" tests="2" name="testcases.Verify_Purchase_place_Order" time="27.296" errors="0" timestamp="2024-05-26T10:57:09 IST" skipped="0">
  <testcase classname="testcases.Verify_Purchase_place_Order" name="verify_placePage" time="19.949"/>
  <system-out>
    <![CDATA[Browser opened successfully
verify_placePage]]>
  </system-out>
  <testcase classname="testcases.Verify_Purchase_place_Order" name="verify_signOutPage" time="7.347"/>
  <system-out>
    <![CDATA[verify_signOutPage]]>
  </system-out>
</testsuite> <!-- testcases.Verify_Purchase_place_Order -->
