<?xml version="1.0" encoding="UTF-8"?>
<!-- Generated by org.testng.reporters.JUnitReportReporter -->
<testsuite hostname="C624LBLR" failures="0" tests="3" name="testcases.Verify_RegistrationPage" time="26.741" errors="0" timestamp="2024-05-26T11:44:35 IST" skipped="0">
  <testcase classname="testcases.Verify_RegistrationPage" name="verify_HomePage" time="2.370"/>
  <system-out>
    <![CDATA[verify_HomePage
HomePage opened Successfully]]>
  </system-out>
  <testcase classname="testcases.Verify_RegistrationPage" name="verify_RegistrationPage" time="8.953"/>
  <system-out>
    <![CDATA[verify_RegistrationPage
Registration page opened Successfully]]>
  </system-out>
  <testcase classname="testcases.Verify_RegistrationPage" name="verify_LandingPage" time="15.418"/>
  <system-out>
    <![CDATA[Chrome Browser opened successfully
verify_LandingPage
Landing page opened successfully]]>
  </system-out>
</testsuite> <!-- testcases.Verify_RegistrationPage -->
